-------------------------------------------------------------------------------
Test set: com.portfolio.kevinperez.KevinperezApplicationTests
-------------------------------------------------------------------------------
Tests run: 1, Failures: 0, Errors: 1, Skipped: 0, Time elapsed: 66.916 s <<< FAILURE! - in com.portfolio.kevinperez.KevinperezApplicationTests
contextLoads  Time elapsed: 0.016 s  <<< ERROR!
java.lang.IllegalStateException: Failed to load ApplicationContext for [WebMergedContextConfiguration@12e2f5ab testClass = com.portfolio.kevinperez.KevinperezApplicationTests, locations = [], classes = [com.portfolio.kevinperez.KevinperezApplication], contextInitializerClasses = [], activeProfiles = [], propertySourceLocations = [], propertySourceProperties = ["org.springframework.boot.test.context.SpringBootTestContextBootstrapper=true"], contextCustomizers = [org.springframework.boot.test.autoconfigure.actuate.observability.ObservabilityContextCustomizerFactory$DisableObservabilityContextCustomizer@9da1, org.springframework.boot.test.autoconfigure.properties.PropertyMappingContextCustomizer@0, org.springframework.boot.test.autoconfigure.web.servlet.WebDriverContextCustomizerFactory$Customizer@55a147cc, org.springframework.boot.test.context.filter.ExcludeFilterContextCustomizer@1ed4ae0f, org.springframework.boot.test.json.DuplicateJsonObjectContextCustomizerFactory$DuplicateJsonObjectContextCustomizer@6892b3b6, org.springframework.boot.test.mock.mockito.MockitoContextCustomizer@0, org.springframework.boot.test.web.client.TestRestTemplateContextCustomizer@3e8c3cb, org.springframework.boot.test.context.SpringBootTestAnnotation@e32a2c4e], resourceBasePath = "src/main/webapp", contextLoader = org.springframework.boot.test.context.SpringBootContextLoader, parent = null]
Caused by: org.springframework.beans.factory.UnsatisfiedDependencyException: Error creating bean with name 'CEducacion': Unsatisfied dependency expressed through field 'sEducacion': Error creating bean with name 'seducacion': Unsatisfied dependency expressed through field 'rEducacion': Error creating bean with name 'REducacion' defined in com.portfolio.kevinperez.Repository.REducacion defined in @EnableJpaRepositories declared on JpaRepositoriesRegistrar.EnableJpaRepositoriesConfiguration: Not a managed type: class com.portfolio.kevinperez.Entity.Educacion
Caused by: org.springframework.beans.factory.UnsatisfiedDependencyException: Error creating bean with name 'seducacion': Unsatisfied dependency expressed through field 'rEducacion': Error creating bean with name 'REducacion' defined in com.portfolio.kevinperez.Repository.REducacion defined in @EnableJpaRepositories declared on JpaRepositoriesRegistrar.EnableJpaRepositoriesConfiguration: Not a managed type: class com.portfolio.kevinperez.Entity.Educacion
Caused by: org.springframework.beans.factory.BeanCreationException: Error creating bean with name 'REducacion' defined in com.portfolio.kevinperez.Repository.REducacion defined in @EnableJpaRepositories declared on JpaRepositoriesRegistrar.EnableJpaRepositoriesConfiguration: Not a managed type: class com.portfolio.kevinperez.Entity.Educacion
Caused by: java.lang.IllegalArgumentException: Not a managed type: class com.portfolio.kevinperez.Entity.Educacion

